<?xml version="1.0" encoding="UTF-8"?>
<testsuite xmlns:xsi="http://www.w3.org/2001/XMLSchema-instance" xsi:noNamespaceSchemaLocation="https://maven.apache.org/surefire/maven-surefire-plugin/xsd/surefire-test-report.xsd" version="3.0.2" name="api.pararius_applier.ParariusApplierApplicationTests" time="0.765" tests="1" errors="0" skipped="0" failures="0">
  <properties>
[...]
</properties>
  <testcase name="contextLoads" classname="api.pararius_applier.ParariusApplierApplicationTests" time="0.306">
    <system-out><![CDATA[01:47:12.578 [main] INFO org.springframework.test.context.support.AnnotationConfigContextLoaderUtils -- Could not detect default configuration classes for test class [api.pararius_applier.ParariusApplierApplicationTests]: ParariusApplierApplicationTests does not declare any static, non-private, non-final, nested classes annotated with @Configuration.
01:47:12.611 [main] INFO org.springframework.boot.test.context.SpringBootTestContextBootstrapper -- Found @SpringBootConfiguration api.pararius_applier.ParariusApplierApplication for test class api.pararius_applier.ParariusApplierApplicationTests
01:47:12.672 [main] INFO org.springframework.boot.devtools.restart.RestartApplicationListener -- Restart disabled due to context in which it is running

  .   ____          _            __ _ _
 /\\ / ___'_ __ _ _(_)_ __  __ _ \ \ \ \
( ( )\___ | '_ | '_| | '_ \/ _` | \ \ \ \
 \\/  ___)| |_)| | | | | || (_| |  ) ) ) )
  '  |____| .__|_| |_|_| |_\__, | / / / /
 =========|_|==============|___/=/_/_/_/

 :: Spring Boot ::                (v3.5.0)

2025-06-05T01:47:12.764+02:00  INFO 36667 --- [pararius_applier] [           main] a.p.ParariusApplierApplicationTests      : Starting ParariusApplierApplicationTests using Java 17.0.11 with PID 36667 (started by andrei in /Users/andrei/pararius_applier)
2025-06-05T01:47:12.764+02:00  INFO 36667 --- [pararius_applier] [           main] a.p.ParariusApplierApplicationTests      : No active profile set, falling back to 1 default profile: "default"
2025-06-05T01:47:12.963+02:00  INFO 36667 --- [pararius_applier] [           main] org.quartz.impl.StdSchedulerFactory      : Using default implementation for ThreadExecutor
2025-06-05T01:47:12.967+02:00  INFO 36667 --- [pararius_applier] [           main] org.quartz.core.SchedulerSignalerImpl    : Initialized Scheduler Signaller of type: class org.quartz.core.SchedulerSignalerImpl
2025-06-05T01:47:12.967+02:00  INFO 36667 --- [pararius_applier] [           main] org.quartz.core.QuartzScheduler          : Quartz Scheduler v2.5.0 created.
2025-06-05T01:47:12.970+02:00  INFO 36667 --- [pararius_applier] [           main] org.quartz.simpl.RAMJobStore             : RAMJobStore initialized.
2025-06-05T01:47:12.971+02:00  INFO 36667 --- [pararius_applier] [           main] org.quartz.core.QuartzScheduler          : Scheduler meta-data: Quartz Scheduler (v2.5.0) 'quartzScheduler' with instanceId 'NON_CLUSTERED'
  Scheduler class: 'org.quartz.core.QuartzScheduler' - running locally.
  NOT STARTED.
  Currently in standby mode.
  Number of jobs executed: 0
  Using thread pool 'org.quartz.simpl.SimpleThreadPool' - with 10 threads.
  Using job-store 'org.quartz.simpl.RAMJobStore' - which does not support persistence. and is not clustered.

2025-06-05T01:47:12.971+02:00  INFO 36667 --- [pararius_applier] [           main] org.quartz.impl.StdSchedulerFactory      : Quartz scheduler 'quartzScheduler' initialized from an externally provided properties instance.
2025-06-05T01:47:12.971+02:00  INFO 36667 --- [pararius_applier] [           main] org.quartz.impl.StdSchedulerFactory      : Quartz scheduler version: 2.5.0
2025-06-05T01:47:12.971+02:00  INFO 36667 --- [pararius_applier] [           main] org.quartz.core.QuartzScheduler          : JobFactory set to: org.springframework.scheduling.quartz.SpringBeanJobFactory@350d3f4d
2025-06-05T01:47:12.983+02:00  INFO 36667 --- [pararius_applier] [           main] o.s.s.quartz.SchedulerFactoryBean        : Starting Quartz Scheduler now
2025-06-05T01:47:12.983+02:00  INFO 36667 --- [pararius_applier] [           main] org.quartz.core.QuartzScheduler          : Scheduler quartzScheduler_$_NON_CLUSTERED started.
2025-06-05T01:47:12.987+02:00  INFO 36667 --- [pararius_applier] [           main] a.p.ParariusApplierApplicationTests      : Started ParariusApplierApplicationTests in 0.319 seconds (process running for 0.638)
=== Running Pararius check at 2025-06-05T01:47:12.988518 ===
]]></system-out>
  </testcase>
</testsuite>